<?xml version="1.0" encoding="UTF-8"?>
<!-- Generated by org.testng.reporters.JUnitXMLReporter -->
<testsuite hostname="Srinivas" name="GoogleSearchPageTest1" tests="1" failures="0" timestamp="3 Dec 2021 15:54:01 GMT" time="0.036" errors="0">
  <testcase name="@BeforeTest setUp" time="0.0" classname="com.docker.testCases.GoogleSearchTest">
    <failure type="java.lang.NullPointerException">
      <![CDATA[java.lang.NullPointerException
	at com.docker.pageObjects.BaseClass.setUp(BaseClass.java:46)
	at java.util.concurrent.FutureTask.run(FutureTask.java:266)
	at java.util.concurrent.ThreadPoolExecutor.runWorker(ThreadPoolExecutor.java:1142)
	at java.util.concurrent.ThreadPoolExecutor$Worker.run(ThreadPoolExecutor.java:617)
	at java.lang.Thread.run(Thread.java:745)
... Removed 14 stack frames]]>
    </failure>
  </testcase> <!-- @BeforeTest setUp -->
  <testcase name="@AfterTest tearDown" time="0.0" classname="com.docker.testCases.GoogleSearchTest">
    <skipped/>
  </testcase> <!-- @AfterTest tearDown -->
  <testcase name="searchPageTest" time="0.002" classname="com.docker.testCases.GoogleSearchTest">
    <skipped/>
  </testcase> <!-- searchPageTest -->
</testsuite> <!-- GoogleSearchPageTest1 -->
